[2025-10-20T06:21:53.245Z] [DEBUG] cove:daemon: Initializing hub daemon
[2025-10-20T06:21:53.245Z] [DEBUG] cove:daemon: Hub ID: hub_3fd39d46d0ed3fa7
[2025-10-20T06:21:53.245Z] [DEBUG] cove:daemon: Test mode: false
[2025-10-20T06:21:53.245Z] [DEBUG] cove:daemon: Initializing discovery manager
[2025-10-20T06:21:53.245Z] [DEBUG] cove:daemon: Initializing database layer
[2025-10-20T06:21:53.245Z] [DEBUG] cove:hub:db: Hub database layer initialized
[2025-10-20T06:21:53.245Z] [DEBUG] cove:daemon: Database layer initialized
[2025-10-20T06:21:53.245Z] [DEBUG] cove:daemon: Initializing StateManager
[2025-10-20T06:21:53.245Z] [DEBUG] cove:hub:state-manager: Initialized 35 default entity configurations
[2025-10-20T06:21:53.245Z] [DEBUG] cove:daemon: StateManager initialized
[2025-10-20T06:21:53.245Z] [DEBUG] cove:daemon: Initializing specialized modules
[2025-10-20T06:21:53.245Z] [DEBUG] cove:daemon: Initializing modules
[2025-10-20T06:21:53.245Z] [DEBUG] cove:daemon: Database available: true
[2025-10-20T06:21:53.245Z] [DEBUG] cove:daemon: StateManager available: true
[2025-10-20T06:21:53.245Z] [DEBUG] cove:daemon: Test mode: false
[2025-10-20T06:21:53.245Z] [DEBUG] cove:hub:adapter-registry: Adapter registry initialized
[2025-10-20T06:21:53.245Z] [DEBUG] cove:hub:adapter-registry: Creating default adapters
[2025-10-20T06:21:53.245Z] [DEBUG] cove:hub:adapter-registry: StateManager available: true
[2025-10-20T06:21:53.245Z] [DEBUG] cove:hub:adapter-registry: Database available: true
[2025-10-20T06:21:53.245Z] [DEBUG] cove:hub:adapter-registry: Test mode: false
[2025-10-20T06:21:53.245Z] [DEBUG] cove:hub:adapter-registry: Registered entity-aware adapter for protocol: esphome
[2025-10-20T06:21:53.245Z] [DEBUG] cove:hub:adapter-registry: Registered adapter for protocol: esphome
[2025-10-20T06:21:53.245Z] [DEBUG] cove:hub:adapter-registry: Registered ESPHome adapter
[2025-10-20T06:21:53.245Z] [DEBUG] cove:hub:adapter-registry: Registered entity-aware adapter for protocol: hue
[2025-10-20T06:21:53.245Z] [DEBUG] cove:hub:adapter-registry: Registered adapter for protocol: hue
[2025-10-20T06:21:53.245Z] [DEBUG] cove:hub:adapter-registry: Registered Hue adapter
[2025-10-20T06:21:53.245Z] [DEBUG] cove:hub:adapter-registry: Created 2 default adapters
[2025-10-20T06:21:53.245Z] [DEBUG] cove:hub:device-lifecycle: Device lifecycle manager initialized
[2025-10-20T06:21:53.245Z] [DEBUG] cove:hub:initializer: Hub initializer created
[2025-10-20T06:21:53.245Z] [DEBUG] cove:daemon: All modules initialized
[2025-10-20T06:21:53.245Z] [DEBUG] cove:daemon: Hub daemon initialized with ID: hub_3fd39d46d0ed3fa7
[2025-10-20T06:21:53.248Z] [DEBUG] cove:daemon: Starting hub daemon
[2025-10-20T06:21:53.250Z] [DEBUG] cove:hub:initializer: Starting hub initialization
[2025-10-20T06:21:53.268Z] [DEBUG] cove:hub:db: Using existing home: home_qq5f9knskc2ire32f8x7ro68 (Cove Hub)
[2025-10-20T06:21:53.268Z] [DEBUG] cove:hub:initializer: Using home: home_qq5f9knskc2ire32f8x7ro68
[2025-10-20T06:21:53.269Z] [DEBUG] cove:hub:db: Registering hub as device: Cove Hub
[2025-10-20T06:21:53.272Z] [DEBUG] cove:hub:db: Using existing hub device: device_d97bz7daicuedddwbsz036pm (Cove Hub)
[2025-10-20T06:21:53.272Z] [DEBUG] cove:hub:initializer: Hub registered as device: device_d97bz7daicuedddwbsz036pm
[2025-10-20T06:21:53.272Z] [DEBUG] cove:hub:initializer: Initializing collectors
[2025-10-20T06:21:53.274Z] [DEBUG] cove:hub:events: Starting event collector
[2025-10-20T06:21:53.277Z] [DEBUG] cove:hub:metrics: Starting metrics collector
[2025-10-20T06:21:53.277Z] [DEBUG] cove:hub:initializer: Collectors initialized and started
[2025-10-20T06:21:53.277Z] [DEBUG] cove:hub:initializer: Hub initialization completed successfully
[2025-10-20T06:21:53.277Z] [DEBUG] cove:hub:device-lifecycle: Set home ID: home_qq5f9knskc2ire32f8x7ro68
[2025-10-20T06:21:53.279Z] [DEBUG] cove:hub:command-processor: Entity command processor initialized
[2025-10-20T06:21:53.279Z] [DEBUG] cove:daemon: Command processor initialized
[2025-10-20T06:21:53.279Z] [DEBUG] cove:hub:lifecycle-coordinator: Lifecycle coordinator initialized
[2025-10-20T06:21:53.279Z] [DEBUG] cove:hub:lifecycle-coordinator: Starting lifecycle coordinator
[2025-10-20T06:21:53.279Z] [DEBUG] cove:hub:lifecycle-coordinator: Initializing protocol adapters
[2025-10-20T06:21:53.279Z] [DEBUG] cove:hub:adapter:esphome: Initializing ESPHome adapter
[2025-10-20T06:21:53.279Z] [DEBUG] cove:hub:adapter:esphome: ESPHome adapter initialized
[2025-10-20T06:21:53.279Z] [DEBUG] cove:hub:lifecycle-coordinator: Initialized esphome adapter
[2025-10-20T06:21:53.280Z] [DEBUG] cove:hub:events: [adapter.initialized] esphome adapter initialized successfully undefined
[2025-10-20T06:21:53.280Z] [DEBUG] cove:hub:adapter:hue: Initializing Hue adapter
[2025-10-20T06:21:53.280Z] [DEBUG] cove:hub:adapter:hue: Hue adapter initialized
[2025-10-20T06:21:53.280Z] [DEBUG] cove:hub:lifecycle-coordinator: Initialized hue adapter
[2025-10-20T06:21:53.280Z] [DEBUG] cove:hub:events: [adapter.initialized] hue adapter initialized successfully undefined
[2025-10-20T06:21:53.280Z] [DEBUG] cove:hub:lifecycle-coordinator: Setting up device lifecycle handlers
[2025-10-20T06:21:53.280Z] [DEBUG] cove:hub:device-lifecycle: Discovery event handlers setup
[2025-10-20T06:21:53.280Z] [DEBUG] cove:hub:command-processor: Starting entity command processor
[2025-10-20T06:21:53.281Z] [DEBUG] cove:hub:command-processor: Commands table not yet implemented in schema - skipping pending commands
[2025-10-20T06:21:53.281Z] [DEBUG] cove:hub:command-processor: Entity command processor started
[2025-10-20T06:21:53.281Z] [DEBUG] cove:hub:lifecycle-coordinator: Command processor started
[2025-10-20T06:21:53.281Z] [DEBUG] cove:hub:lifecycle-coordinator: Reconnecting existing devices
[2025-10-20T06:21:53.282Z] [DEBUG] cove:hub:device-lifecycle: Reconnecting existing devices...
[2025-10-20T06:21:53.286Z] [DEBUG] cove:hub:db: Using existing entity: entity_fuyf78hiqalr3ky6qnlmg0kr (sensor: sensor.hub_cpu_usage)
[2025-10-20T06:21:53.286Z] [DEBUG] cove:hub:metrics: Created sensor entity for cpu_usage: entity_fuyf78hiqalr3ky6qnlmg0kr
[2025-10-20T06:21:53.287Z] [DEBUG] cove:hub:command-processor: ⚠️ Error subscribing to Realtime, falling back to polling
[2025-10-20T06:21:53.287Z] [DEBUG] cove:hub:command-processor: Starting command polling (every 2 seconds)
[2025-10-20T06:21:53.287Z] [DEBUG] cove:hub:command-processor: ⚠️ Error subscribing to Realtime, falling back to polling
[2025-10-20T06:21:53.289Z] [DEBUG] cove:hub:db: Using existing entity: entity_an183u95oamf4lw6yvnzxhum (sensor: sensor.hub_memory_used)
[2025-10-20T06:21:53.289Z] [DEBUG] cove:hub:metrics: Created sensor entity for memory_used: entity_an183u95oamf4lw6yvnzxhum
[2025-10-20T06:21:53.291Z] [DEBUG] cove:hub:db: Using existing entity: entity_r5bmfyvhw71wbgq5e4vgm24m (sensor: sensor.hub_memory_total)
[2025-10-20T06:21:53.291Z] [DEBUG] cove:hub:metrics: Created sensor entity for memory_total: entity_r5bmfyvhw71wbgq5e4vgm24m
[2025-10-20T06:21:53.293Z] [DEBUG] cove:hub:db: Using existing entity: entity_ph5k03vl8v4xxefu2imgunot (sensor: sensor.hub_memory_free)
[2025-10-20T06:21:53.293Z] [DEBUG] cove:hub:metrics: Created sensor entity for memory_free: entity_ph5k03vl8v4xxefu2imgunot
[2025-10-20T06:21:53.295Z] [DEBUG] cove:hub:db: Using existing entity: entity_j5pb8c9k8kzjyg5nhnl9fsgu (sensor: sensor.hub_memory_percent)
[2025-10-20T06:21:53.295Z] [DEBUG] cove:hub:metrics: Created sensor entity for memory_percent: entity_j5pb8c9k8kzjyg5nhnl9fsgu
[2025-10-20T06:21:53.296Z] [DEBUG] cove:hub:device-lifecycle: Finished reconnecting existing devices
[2025-10-20T06:21:53.296Z] [DEBUG] cove:discovery:manager: Starting discovery manager with 1 services
[2025-10-20T06:21:53.296Z] [DEBUG] cove:discovery:mdns: Starting mDNS discovery service
[2025-10-20T06:21:53.297Z] [DEBUG] cove:discovery:mdns: Setting up browser for service type: _airplay._tcp.local.
[2025-10-20T06:21:53.297Z] [DEBUG] cove:discovery:mdns: Starting browser for service type: _airplay._tcp.local.
[2025-10-20T06:21:53.297Z] [DEBUG] cove:discovery:mdns: Started browsing for _airplay._tcp.local.
[2025-10-20T06:21:53.297Z] [DEBUG] cove:discovery:mdns: Setting up browser for service type: _spotify-connect._tcp.local.
[2025-10-20T06:21:53.297Z] [DEBUG] cove:discovery:mdns: Starting browser for service type: _spotify-connect._tcp.local.
[2025-10-20T06:21:53.297Z] [DEBUG] cove:discovery:mdns: Started browsing for _spotify-connect._tcp.local.
[2025-10-20T06:21:53.297Z] [DEBUG] cove:discovery:mdns: Setting up browser for service type: _sonos._tcp.local.
[2025-10-20T06:21:53.297Z] [DEBUG] cove:discovery:mdns: Starting browser for service type: _sonos._tcp.local.
[2025-10-20T06:21:53.297Z] [DEBUG] cove:discovery:mdns: Started browsing for _sonos._tcp.local.
[2025-10-20T06:21:53.297Z] [DEBUG] cove:discovery:mdns: Setting up browser for service type: _raop._tcp.local.
[2025-10-20T06:21:53.297Z] [DEBUG] cove:discovery:mdns: Starting browser for service type: _raop._tcp.local.
[2025-10-20T06:21:53.297Z] [DEBUG] cove:discovery:mdns: Started browsing for _raop._tcp.local.
[2025-10-20T06:21:53.297Z] [DEBUG] cove:discovery:mdns: Setting up browser for service type: _roku._tcp.local.
[2025-10-20T06:21:53.297Z] [DEBUG] cove:discovery:mdns: Starting browser for service type: _roku._tcp.local.
[2025-10-20T06:21:53.297Z] [DEBUG] cove:discovery:mdns: Started browsing for _roku._tcp.local.
[2025-10-20T06:21:53.297Z] [DEBUG] cove:discovery:mdns: Setting up browser for service type: _plex._tcp.local.
[2025-10-20T06:21:53.297Z] [DEBUG] cove:discovery:mdns: Starting browser for service type: _plex._tcp.local.
[2025-10-20T06:21:53.297Z] [DEBUG] cove:discovery:mdns: Started browsing for _plex._tcp.local.
[2025-10-20T06:21:53.297Z] [DEBUG] cove:discovery:mdns: Setting up browser for service type: _nvstream._tcp.local.
[2025-10-20T06:21:53.297Z] [DEBUG] cove:discovery:mdns: Starting browser for service type: _nvstream._tcp.local.
[2025-10-20T06:21:53.297Z] [DEBUG] cove:discovery:mdns: Started browsing for _nvstream._tcp.local.
[2025-10-20T06:21:53.297Z] [DEBUG] cove:discovery:mdns: Setting up browser for service type: _steam._tcp.local.
[2025-10-20T06:21:53.297Z] [DEBUG] cove:discovery:mdns: Starting browser for service type: _steam._tcp.local.
[2025-10-20T06:21:53.297Z] [DEBUG] cove:discovery:mdns: Started browsing for _steam._tcp.local.
[2025-10-20T06:21:53.297Z] [DEBUG] cove:discovery:mdns: Setting up browser for service type: _kodi._tcp.local.
[2025-10-20T06:21:53.297Z] [DEBUG] cove:discovery:mdns: Starting browser for service type: _kodi._tcp.local.
[2025-10-20T06:21:53.297Z] [DEBUG] cove:discovery:mdns: Started browsing for _kodi._tcp.local.
[2025-10-20T06:21:53.297Z] [DEBUG] cove:discovery:mdns: Setting up browser for service type: _hue._tcp.local.
[2025-10-20T06:21:53.297Z] [DEBUG] cove:discovery:mdns: Starting browser for service type: _hue._tcp.local.
[2025-10-20T06:21:53.297Z] [DEBUG] cove:discovery:mdns: Started browsing for _hue._tcp.local.
[2025-10-20T06:21:53.297Z] [DEBUG] cove:discovery:mdns: Setting up browser for service type: _matter._tcp.local.
[2025-10-20T06:21:53.297Z] [DEBUG] cove:discovery:mdns: Starting browser for service type: _matter._tcp.local.
[2025-10-20T06:21:53.297Z] [DEBUG] cove:discovery:mdns: Started browsing for _matter._tcp.local.
[2025-10-20T06:21:53.297Z] [DEBUG] cove:discovery:mdns: Setting up browser for service type: _smartthings._tcp.local.
[2025-10-20T06:21:53.297Z] [DEBUG] cove:discovery:mdns: Starting browser for service type: _smartthings._tcp.local.
[2025-10-20T06:21:53.297Z] [DEBUG] cove:discovery:mdns: Started browsing for _smartthings._tcp.local.
[2025-10-20T06:21:53.297Z] [DEBUG] cove:discovery:mdns: Setting up browser for service type: _homekit._tcp.local.
[2025-10-20T06:21:53.297Z] [DEBUG] cove:discovery:mdns: Starting browser for service type: _homekit._tcp.local.
[2025-10-20T06:21:53.297Z] [DEBUG] cove:discovery:mdns: Started browsing for _homekit._tcp.local.
[2025-10-20T06:21:53.297Z] [DEBUG] cove:discovery:mdns: Setting up browser for service type: _hap._tcp.local.
[2025-10-20T06:21:53.297Z] [DEBUG] cove:discovery:mdns: Starting browser for service type: _hap._tcp.local.
[2025-10-20T06:21:53.297Z] [DEBUG] cove:discovery:mdns: Started browsing for _hap._tcp.local.
[2025-10-20T06:21:53.297Z] [DEBUG] cove:discovery:mdns: Setting up browser for service type: _homeassistant._tcp.local.
[2025-10-20T06:21:53.297Z] [DEBUG] cove:discovery:mdns: Starting browser for service type: _homeassistant._tcp.local.
[2025-10-20T06:21:53.297Z] [DEBUG] cove:discovery:mdns: Started browsing for _homeassistant._tcp.local.
[2025-10-20T06:21:53.297Z] [DEBUG] cove:discovery:mdns: Setting up browser for service type: _openhab._tcp.local.
[2025-10-20T06:21:53.297Z] [DEBUG] cove:discovery:mdns: Starting browser for service type: _openhab._tcp.local.
[2025-10-20T06:21:53.297Z] [DEBUG] cove:discovery:mdns: Started browsing for _openhab._tcp.local.
[2025-10-20T06:21:53.297Z] [DEBUG] cove:discovery:mdns: Setting up browser for service type: _mqtt._tcp.local.
[2025-10-20T06:21:53.297Z] [DEBUG] cove:discovery:mdns: Starting browser for service type: _mqtt._tcp.local.
[2025-10-20T06:21:53.297Z] [DEBUG] cove:discovery:mdns: Started browsing for _mqtt._tcp.local.
[2025-10-20T06:21:53.297Z] [DEBUG] cove:discovery:mdns: Setting up browser for service type: _zigbee._tcp.local.
[2025-10-20T06:21:53.297Z] [DEBUG] cove:discovery:mdns: Starting browser for service type: _zigbee._tcp.local.
[2025-10-20T06:21:53.297Z] [DEBUG] cove:discovery:mdns: Started browsing for _zigbee._tcp.local.
[2025-10-20T06:21:53.297Z] [DEBUG] cove:discovery:mdns: Setting up browser for service type: _nanoleaf._tcp.local.
[2025-10-20T06:21:53.297Z] [DEBUG] cove:discovery:mdns: Starting browser for service type: _nanoleaf._tcp.local.
[2025-10-20T06:21:53.297Z] [DEBUG] cove:discovery:mdns: Started browsing for _nanoleaf._tcp.local.
[2025-10-20T06:21:53.297Z] [DEBUG] cove:discovery:mdns: Setting up browser for service type: _lifx._tcp.local.
[2025-10-20T06:21:53.297Z] [DEBUG] cove:discovery:mdns: Starting browser for service type: _lifx._tcp.local.
[2025-10-20T06:21:53.297Z] [DEBUG] cove:discovery:mdns: Started browsing for _lifx._tcp.local.
[2025-10-20T06:21:53.297Z] [DEBUG] cove:discovery:mdns: Setting up browser for service type: _wemo._tcp.local.
[2025-10-20T06:21:53.297Z] [DEBUG] cove:discovery:mdns: Starting browser for service type: _wemo._tcp.local.
[2025-10-20T06:21:53.298Z] [DEBUG] cove:discovery:mdns: Started browsing for _wemo._tcp.local.
[2025-10-20T06:21:53.298Z] [DEBUG] cove:discovery:mdns: Setting up browser for service type: _tplink._tcp.local.
[2025-10-20T06:21:53.298Z] [DEBUG] cove:discovery:mdns: Starting browser for service type: _tplink._tcp.local.
[2025-10-20T06:21:53.298Z] [DEBUG] cove:discovery:mdns: Started browsing for _tplink._tcp.local.
[2025-10-20T06:21:53.298Z] [DEBUG] cove:discovery:mdns: Setting up browser for service type: _tuya._tcp.local.
[2025-10-20T06:21:53.298Z] [DEBUG] cove:discovery:mdns: Starting browser for service type: _tuya._tcp.local.
[2025-10-20T06:21:53.298Z] [DEBUG] cove:discovery:mdns: Started browsing for _tuya._tcp.local.
[2025-10-20T06:21:53.298Z] [DEBUG] cove:discovery:mdns: Setting up browser for service type: _yeelight._tcp.local.
[2025-10-20T06:21:53.298Z] [DEBUG] cove:discovery:mdns: Starting browser for service type: _yeelight._tcp.local.
[2025-10-20T06:21:53.298Z] [DEBUG] cove:discovery:mdns: Started browsing for _yeelight._tcp.local.
[2025-10-20T06:21:53.298Z] [DEBUG] cove:discovery:mdns: Setting up browser for service type: _dyson_mqtt._tcp.local.
[2025-10-20T06:21:53.298Z] [DEBUG] cove:discovery:mdns: Starting browser for service type: _dyson_mqtt._tcp.local.
[2025-10-20T06:21:53.298Z] [DEBUG] cove:discovery:mdns: Started browsing for _dyson_mqtt._tcp.local.
[2025-10-20T06:21:53.298Z] [DEBUG] cove:discovery:mdns: Setting up browser for service type: _nest._tcp.local.
[2025-10-20T06:21:53.298Z] [DEBUG] cove:discovery:mdns: Starting browser for service type: _nest._tcp.local.
[2025-10-20T06:21:53.298Z] [DEBUG] cove:discovery:mdns: Started browsing for _nest._tcp.local.
[2025-10-20T06:21:53.298Z] [DEBUG] cove:discovery:mdns: Setting up browser for service type: _ring._tcp.local.
[2025-10-20T06:21:53.298Z] [DEBUG] cove:discovery:mdns: Starting browser for service type: _ring._tcp.local.
[2025-10-20T06:21:53.298Z] [DEBUG] cove:discovery:mdns: Started browsing for _ring._tcp.local.
[2025-10-20T06:21:53.298Z] [DEBUG] cove:discovery:mdns: Setting up browser for service type: _arlo._tcp.local.
[2025-10-20T06:21:53.298Z] [DEBUG] cove:discovery:mdns: Starting browser for service type: _arlo._tcp.local.
[2025-10-20T06:21:53.298Z] [DEBUG] cove:discovery:mdns: Started browsing for _arlo._tcp.local.
[2025-10-20T06:21:53.298Z] [DEBUG] cove:discovery:mdns: Setting up browser for service type: _axis._tcp.local.
[2025-10-20T06:21:53.298Z] [DEBUG] cove:discovery:mdns: Starting browser for service type: _axis._tcp.local.
[2025-10-20T06:21:53.298Z] [DEBUG] cove:discovery:mdns: Started browsing for _axis._tcp.local.
[2025-10-20T06:21:53.298Z] [DEBUG] cove:discovery:mdns: Setting up browser for service type: _insteon._tcp.local.
[2025-10-20T06:21:53.298Z] [DEBUG] cove:discovery:mdns: Starting browser for service type: _insteon._tcp.local.
[2025-10-20T06:21:53.298Z] [DEBUG] cove:discovery:mdns: Started browsing for _insteon._tcp.local.
[2025-10-20T06:21:53.298Z] [DEBUG] cove:discovery:mdns: Setting up browser for service type: _lutron._tcp.local.
[2025-10-20T06:21:53.298Z] [DEBUG] cove:discovery:mdns: Starting browser for service type: _lutron._tcp.local.
[2025-10-20T06:21:53.298Z] [DEBUG] cove:discovery:mdns: Started browsing for _lutron._tcp.local.
[2025-10-20T06:21:53.298Z] [DEBUG] cove:discovery:mdns: Setting up browser for service type: _ecobee._tcp.local.
[2025-10-20T06:21:53.298Z] [DEBUG] cove:discovery:mdns: Starting browser for service type: _ecobee._tcp.local.
[2025-10-20T06:21:53.298Z] [DEBUG] cove:discovery:mdns: Started browsing for _ecobee._tcp.local.
[2025-10-20T06:21:53.298Z] [DEBUG] cove:discovery:mdns: Setting up browser for service type: _nest-cam._tcp.local.
[2025-10-20T06:21:53.298Z] [DEBUG] cove:discovery:mdns: Starting browser for service type: _nest-cam._tcp.local.
[2025-10-20T06:21:53.298Z] [DEBUG] cove:discovery:mdns: Started browsing for _nest-cam._tcp.local.
[2025-10-20T06:21:53.298Z] [DEBUG] cove:discovery:mdns: Setting up browser for service type: _flametouch._tcp.local.
[2025-10-20T06:21:53.298Z] [DEBUG] cove:discovery:mdns: Starting browser for service type: _flametouch._tcp.local.
[2025-10-20T06:21:53.298Z] [DEBUG] cove:discovery:mdns: Started browsing for _flametouch._tcp.local.
[2025-10-20T06:21:53.298Z] [DEBUG] cove:discovery:mdns: Setting up browser for service type: _companion-link._tcp.local.
[2025-10-20T06:21:53.298Z] [DEBUG] cove:discovery:mdns: Starting browser for service type: _companion-link._tcp.local.
[2025-10-20T06:21:53.298Z] [DEBUG] cove:discovery:mdns: Started browsing for _companion-link._tcp.local.
[2025-10-20T06:21:53.298Z] [DEBUG] cove:discovery:mdns: Setting up browser for service type: _apple-mobdev2._tcp.local.
[2025-10-20T06:21:53.298Z] [DEBUG] cove:discovery:mdns: Starting browser for service type: _apple-mobdev2._tcp.local.
[2025-10-20T06:21:53.298Z] [DEBUG] cove:discovery:mdns: Started browsing for _apple-mobdev2._tcp.local.
[2025-10-20T06:21:53.298Z] [DEBUG] cove:discovery:mdns: Setting up browser for service type: _apple-mobdev._tcp.local.
[2025-10-20T06:21:53.298Z] [DEBUG] cove:discovery:mdns: Starting browser for service type: _apple-mobdev._tcp.local.
[2025-10-20T06:21:53.298Z] [DEBUG] cove:discovery:mdns: Started browsing for _apple-mobdev._tcp.local.
[2025-10-20T06:21:53.298Z] [DEBUG] cove:discovery:mdns: Setting up browser for service type: _apple-pairable._tcp.local.
[2025-10-20T06:21:53.298Z] [DEBUG] cove:discovery:mdns: Starting browser for service type: _apple-pairable._tcp.local.
[2025-10-20T06:21:53.298Z] [DEBUG] cove:discovery:mdns: Started browsing for _apple-pairable._tcp.local.
[2025-10-20T06:21:53.298Z] [DEBUG] cove:discovery:mdns: Setting up browser for service type: _sleep-proxy._udp.local.
[2025-10-20T06:21:53.298Z] [DEBUG] cove:discovery:mdns: Starting browser for service type: _sleep-proxy._udp.local.
[2025-10-20T06:21:53.298Z] [DEBUG] cove:discovery:mdns: Started browsing for _sleep-proxy._udp.local.
[2025-10-20T06:21:53.298Z] [DEBUG] cove:discovery:mdns: Setting up browser for service type: _touch-able._tcp.local.
[2025-10-20T06:21:53.298Z] [DEBUG] cove:discovery:mdns: Starting browser for service type: _touch-able._tcp.local.
[2025-10-20T06:21:53.298Z] [DEBUG] cove:discovery:mdns: Started browsing for _touch-able._tcp.local.
[2025-10-20T06:21:53.298Z] [DEBUG] cove:discovery:mdns: Setting up browser for service type: _airport._tcp.local.
[2025-10-20T06:21:53.298Z] [DEBUG] cove:discovery:mdns: Starting browser for service type: _airport._tcp.local.
[2025-10-20T06:21:53.298Z] [DEBUG] cove:discovery:mdns: Started browsing for _airport._tcp.local.
[2025-10-20T06:21:53.298Z] [DEBUG] cove:discovery:mdns: Setting up browser for service type: _afpovertcp._tcp.local.
[2025-10-20T06:21:53.298Z] [DEBUG] cove:discovery:mdns: Starting browser for service type: _afpovertcp._tcp.local.
[2025-10-20T06:21:53.298Z] [DEBUG] cove:discovery:mdns: Started browsing for _afpovertcp._tcp.local.
[2025-10-20T06:21:53.298Z] [DEBUG] cove:discovery:mdns: Setting up browser for service type: _airdrop._tcp.local.
[2025-10-20T06:21:53.298Z] [DEBUG] cove:discovery:mdns: Starting browser for service type: _airdrop._tcp.local.
[2025-10-20T06:21:53.298Z] [DEBUG] cove:discovery:mdns: Started browsing for _airdrop._tcp.local.
[2025-10-20T06:21:53.298Z] [DEBUG] cove:discovery:mdns: Setting up browser for service type: _adisk._tcp.local.
[2025-10-20T06:21:53.298Z] [DEBUG] cove:discovery:mdns: Starting browser for service type: _adisk._tcp.local.
[2025-10-20T06:21:53.298Z] [DEBUG] cove:discovery:mdns: Started browsing for _adisk._tcp.local.
[2025-10-20T06:21:53.298Z] [DEBUG] cove:discovery:mdns: Setting up browser for service type: _device-info._tcp.local.
[2025-10-20T06:21:53.298Z] [DEBUG] cove:discovery:mdns: Starting browser for service type: _device-info._tcp.local.
[2025-10-20T06:21:53.298Z] [DEBUG] cove:discovery:mdns: Started browsing for _device-info._tcp.local.
[2025-10-20T06:21:53.298Z] [DEBUG] cove:discovery:mdns: Setting up browser for service type: _esphomelib._tcp.local.
[2025-10-20T06:21:53.298Z] [DEBUG] cove:discovery:mdns: Starting browser for service type: _esphomelib._tcp.local.
[2025-10-20T06:21:53.298Z] [DEBUG] cove:discovery:mdns: Started browsing for _esphomelib._tcp.local.
[2025-10-20T06:21:53.298Z] [DEBUG] cove:discovery:mdns: Setting up browser for service type: _http._tcp.local.
[2025-10-20T06:21:53.298Z] [DEBUG] cove:discovery:mdns: Starting browser for service type: _http._tcp.local.
[2025-10-20T06:21:53.298Z] [DEBUG] cove:discovery:mdns: Started browsing for _http._tcp.local.
[2025-10-20T06:21:53.298Z] [DEBUG] cove:discovery:mdns: mDNS discovery service started, scanning for 47 service types
[2025-10-20T06:21:53.298Z] [DEBUG] cove:discovery:manager: Discovery manager started
[2025-10-20T06:21:53.298Z] [DEBUG] cove:hub:lifecycle-coordinator: Discovery manager started
[2025-10-20T06:21:53.298Z] [DEBUG] cove:hub:lifecycle-coordinator: Lifecycle coordinator started successfully
[2025-10-20T06:21:53.298Z] [DEBUG] cove:daemon: Hub daemon started successfully
[2025-10-20T06:21:53.298Z] [DEBUG] cove:hub: Cove Hub v0.1.0 started on http://0.0.0.0:3100
[2025-10-20T06:21:53.298Z] [DEBUG] cove:hub: Hub ID: hub_3fd39d46d0ed3fa7
[2025-10-20T06:21:53.298Z] [DEBUG] cove:hub: Discovery: enabled
[2025-10-20T06:21:53.298Z] [DEBUG] cove:hub: Environment: development
[2025-10-20T06:21:53.311Z] [DEBUG] cove:hub:db: Using existing entity: entity_rrnuuaici29kbdxkk18cqk1d (sensor: sensor.hub_uptime)
[2025-10-20T06:21:53.311Z] [DEBUG] cove:hub:metrics: Created sensor entity for uptime: entity_rrnuuaici29kbdxkk18cqk1d
[2025-10-20T06:21:53.313Z] [DEBUG] cove:hub:db: Using existing entity: entity_lwmw3svqudoqn6rzghu60oqy (sensor: sensor.hub_connected_devices)
[2025-10-20T06:21:53.313Z] [DEBUG] cove:hub:metrics: Created sensor entity for connected_devices: entity_lwmw3svqudoqn6rzghu60oqy
[2025-10-20T06:21:53.315Z] [DEBUG] cove:hub:db: Using existing entity: entity_p8lkhhml8m4x1sngheggd5hy (sensor: sensor.hub_active_protocols)
[2025-10-20T06:21:53.315Z] [DEBUG] cove:hub:metrics: Created sensor entity for active_protocols: entity_p8lkhhml8m4x1sngheggd5hy
[2025-10-20T06:21:53.342Z] [DEBUG] cove:hub:metrics: Recorded metrics: CPU 14.2%, Memory 60449MB/65536MB, Devices 0
[2025-10-20T06:21:54.301Z] [DEBUG] cove:hub:command-processor: ⚠️ Error subscribing to Realtime, falling back to polling
[2025-10-20T06:21:54.302Z] [DEBUG] cove:hub:command-processor: ⚠️ Error subscribing to Realtime, falling back to polling
[2025-10-20T06:21:55.288Z] [DEBUG] cove:hub:command-processor: Commands table not yet implemented in schema - skipping pending commands
[2025-10-20T06:21:56.316Z] [DEBUG] cove:hub:command-processor: ⚠️ Error subscribing to Realtime, falling back to polling
[2025-10-20T06:21:56.316Z] [DEBUG] cove:hub:command-processor: ⚠️ Error subscribing to Realtime, falling back to polling
[2025-10-20T06:21:57.289Z] [DEBUG] cove:hub:command-processor: Commands table not yet implemented in schema - skipping pending commands
[2025-10-20T06:21:59.290Z] [DEBUG] cove:hub:command-processor: Commands table not yet implemented in schema - skipping pending commands
[2025-10-20T06:22:01.291Z] [DEBUG] cove:hub:command-processor: Commands table not yet implemented in schema - skipping pending commands
[2025-10-20T06:22:01.332Z] [DEBUG] cove:hub:command-processor: ⚠️ Error subscribing to Realtime, falling back to polling
[2025-10-20T06:22:01.332Z] [DEBUG] cove:hub:command-processor: ⚠️ Error subscribing to Realtime, falling back to polling
[2025-10-20T06:22:03.283Z] [DEBUG] cove:hub:command-processor: ⚠️ Realtime subscription timed out, falling back to polling
[2025-10-20T06:22:03.292Z] [DEBUG] cove:hub:command-processor: Commands table not yet implemented in schema - skipping pending commands
[2025-10-20T06:22:03.368Z] [DEBUG] cove:hub:metrics: Recorded metrics: CPU 0.1%, Memory 60398MB/65536MB, Devices 0
[2025-10-20T06:22:05.293Z] [DEBUG] cove:hub:command-processor: Commands table not yet implemented in schema - skipping pending commands
[2025-10-20T06:22:07.294Z] [DEBUG] cove:hub:command-processor: Commands table not yet implemented in schema - skipping pending commands
[2025-10-20T06:22:09.295Z] [DEBUG] cove:hub:command-processor: Commands table not yet implemented in schema - skipping pending commands
[2025-10-20T06:22:11.296Z] [DEBUG] cove:hub:command-processor: Commands table not yet implemented in schema - skipping pending commands
[2025-10-20T06:22:11.350Z] [DEBUG] cove:hub:command-processor: ⚠️ Error subscribing to Realtime, falling back to polling
[2025-10-20T06:22:11.350Z] [DEBUG] cove:hub:command-processor: ⚠️ Error subscribing to Realtime, falling back to polling
[2025-10-20T06:22:13.297Z] [DEBUG] cove:hub:command-processor: Commands table not yet implemented in schema - skipping pending commands
[2025-10-20T06:22:13.366Z] [DEBUG] cove:hub:metrics: Recorded metrics: CPU 0.1%, Memory 60558MB/65536MB, Devices 0
[2025-10-20T06:22:15.298Z] [DEBUG] cove:hub:command-processor: Commands table not yet implemented in schema - skipping pending commands
[2025-10-20T06:22:17.299Z] [DEBUG] cove:hub:command-processor: Commands table not yet implemented in schema - skipping pending commands
[2025-10-20T06:22:19.300Z] [DEBUG] cove:hub:command-processor: Commands table not yet implemented in schema - skipping pending commands
[2025-10-20T06:22:21.301Z] [DEBUG] cove:hub:command-processor: Commands table not yet implemented in schema - skipping pending commands
[2025-10-20T06:22:21.369Z] [DEBUG] cove:hub:command-processor: ⚠️ Error subscribing to Realtime, falling back to polling
[2025-10-20T06:22:21.370Z] [DEBUG] cove:hub:command-processor: ⚠️ Error subscribing to Realtime, falling back to polling
[2025-10-20T06:22:23.093Z] [DEBUG] cove:hub: Received SIGINT signal, shutting down gracefully...
[2025-10-20T06:22:23.093Z] [DEBUG] cove:daemon: Stopping hub daemon
[2025-10-20T06:22:23.093Z] [DEBUG] cove:hub:lifecycle-coordinator: Stopping lifecycle coordinator
[2025-10-20T06:22:23.093Z] [DEBUG] cove:discovery:manager: Stopping discovery manager
[2025-10-20T06:22:23.093Z] [DEBUG] cove:discovery:mdns: Stopping mDNS discovery service
[2025-10-20T06:22:23.093Z] [DEBUG] cove:discovery:mdns: Stopped browsing for _airplay._tcp.local.
[2025-10-20T06:22:23.093Z] [DEBUG] cove:discovery:mdns: Stopped browsing for _spotify-connect._tcp.local.
[2025-10-20T06:22:23.093Z] [DEBUG] cove:discovery:mdns: Stopped browsing for _sonos._tcp.local.
[2025-10-20T06:22:23.093Z] [DEBUG] cove:discovery:mdns: Stopped browsing for _raop._tcp.local.
[2025-10-20T06:22:23.093Z] [DEBUG] cove:discovery:mdns: Stopped browsing for _roku._tcp.local.
[2025-10-20T06:22:23.093Z] [DEBUG] cove:discovery:mdns: Stopped browsing for _plex._tcp.local.
[2025-10-20T06:22:23.093Z] [DEBUG] cove:discovery:mdns: Stopped browsing for _nvstream._tcp.local.
[2025-10-20T06:22:23.093Z] [DEBUG] cove:discovery:mdns: Stopped browsing for _steam._tcp.local.
[2025-10-20T06:22:23.093Z] [DEBUG] cove:discovery:mdns: Stopped browsing for _kodi._tcp.local.
[2025-10-20T06:22:23.093Z] [DEBUG] cove:discovery:mdns: Stopped browsing for _hue._tcp.local.
[2025-10-20T06:22:23.093Z] [DEBUG] cove:discovery:mdns: Stopped browsing for _matter._tcp.local.
[2025-10-20T06:22:23.093Z] [DEBUG] cove:discovery:mdns: Stopped browsing for _smartthings._tcp.local.
[2025-10-20T06:22:23.093Z] [DEBUG] cove:discovery:mdns: Stopped browsing for _homekit._tcp.local.
[2025-10-20T06:22:23.093Z] [DEBUG] cove:discovery:mdns: Stopped browsing for _hap._tcp.local.
[2025-10-20T06:22:23.093Z] [DEBUG] cove:discovery:mdns: Stopped browsing for _homeassistant._tcp.local.
[2025-10-20T06:22:23.093Z] [DEBUG] cove:discovery:mdns: Stopped browsing for _openhab._tcp.local.
[2025-10-20T06:22:23.093Z] [DEBUG] cove:discovery:mdns: Stopped browsing for _mqtt._tcp.local.
[2025-10-20T06:22:23.093Z] [DEBUG] cove:discovery:mdns: Stopped browsing for _zigbee._tcp.local.
[2025-10-20T06:22:23.093Z] [DEBUG] cove:discovery:mdns: Stopped browsing for _nanoleaf._tcp.local.
[2025-10-20T06:22:23.093Z] [DEBUG] cove:discovery:mdns: Stopped browsing for _lifx._tcp.local.
[2025-10-20T06:22:23.093Z] [DEBUG] cove:discovery:mdns: Stopped browsing for _wemo._tcp.local.
[2025-10-20T06:22:23.093Z] [DEBUG] cove:discovery:mdns: Stopped browsing for _tplink._tcp.local.
[2025-10-20T06:22:23.093Z] [DEBUG] cove:discovery:mdns: Stopped browsing for _tuya._tcp.local.
[2025-10-20T06:22:23.093Z] [DEBUG] cove:discovery:mdns: Stopped browsing for _yeelight._tcp.local.
[2025-10-20T06:22:23.093Z] [DEBUG] cove:discovery:mdns: Stopped browsing for _dyson_mqtt._tcp.local.
[2025-10-20T06:22:23.093Z] [DEBUG] cove:discovery:mdns: Stopped browsing for _nest._tcp.local.
[2025-10-20T06:22:23.093Z] [DEBUG] cove:discovery:mdns: Stopped browsing for _ring._tcp.local.
[2025-10-20T06:22:23.093Z] [DEBUG] cove:discovery:mdns: Stopped browsing for _arlo._tcp.local.
[2025-10-20T06:22:23.093Z] [DEBUG] cove:discovery:mdns: Stopped browsing for _axis._tcp.local.
[2025-10-20T06:22:23.093Z] [DEBUG] cove:discovery:mdns: Stopped browsing for _insteon._tcp.local.
[2025-10-20T06:22:23.093Z] [DEBUG] cove:discovery:mdns: Stopped browsing for _lutron._tcp.local.
[2025-10-20T06:22:23.093Z] [DEBUG] cove:discovery:mdns: Stopped browsing for _ecobee._tcp.local.
[2025-10-20T06:22:23.093Z] [DEBUG] cove:discovery:mdns: Stopped browsing for _nest-cam._tcp.local.
[2025-10-20T06:22:23.093Z] [DEBUG] cove:discovery:mdns: Stopped browsing for _flametouch._tcp.local.
[2025-10-20T06:22:23.093Z] [DEBUG] cove:discovery:mdns: Stopped browsing for _companion-link._tcp.local.
[2025-10-20T06:22:23.093Z] [DEBUG] cove:discovery:mdns: Stopped browsing for _apple-mobdev2._tcp.local.
[2025-10-20T06:22:23.093Z] [DEBUG] cove:discovery:mdns: Stopped browsing for _apple-mobdev._tcp.local.
[2025-10-20T06:22:23.093Z] [DEBUG] cove:discovery:mdns: Stopped browsing for _apple-pairable._tcp.local.
[2025-10-20T06:22:23.093Z] [DEBUG] cove:discovery:mdns: Stopped browsing for _sleep-proxy._udp.local.
[2025-10-20T06:22:23.093Z] [DEBUG] cove:discovery:mdns: Stopped browsing for _touch-able._tcp.local.
[2025-10-20T06:22:23.093Z] [DEBUG] cove:discovery:mdns: Stopped browsing for _airport._tcp.local.
[2025-10-20T06:22:23.093Z] [DEBUG] cove:discovery:mdns: Stopped browsing for _afpovertcp._tcp.local.
[2025-10-20T06:22:23.093Z] [DEBUG] cove:discovery:mdns: Stopped browsing for _airdrop._tcp.local.
[2025-10-20T06:22:23.093Z] [DEBUG] cove:discovery:mdns: Stopped browsing for _adisk._tcp.local.
[2025-10-20T06:22:23.093Z] [DEBUG] cove:discovery:mdns: Stopped browsing for _device-info._tcp.local.
[2025-10-20T06:22:23.093Z] [DEBUG] cove:discovery:mdns: Stopped browsing for _esphomelib._tcp.local.
[2025-10-20T06:22:23.093Z] [DEBUG] cove:discovery:mdns: Stopped browsing for _http._tcp.local.
[2025-10-20T06:22:23.093Z] [DEBUG] cove:discovery:mdns: mDNS discovery service stopped
[2025-10-20T06:22:23.094Z] [DEBUG] cove:discovery:manager: Discovery manager stopped
[2025-10-20T06:22:23.094Z] [DEBUG] cove:hub:lifecycle-coordinator: Discovery manager stopped
[2025-10-20T06:22:23.094Z] [DEBUG] cove:hub:command-processor: Stopping entity command processor
[2025-10-20T06:22:23.094Z] [DEBUG] cove:hub:command-processor: Stopped command polling
[2025-10-20T06:22:23.094Z] [DEBUG] cove:hub:command-processor: Entity command processor stopped
[2025-10-20T06:22:23.094Z] [DEBUG] cove:hub:lifecycle-coordinator: Command processor stopped
[2025-10-20T06:22:23.094Z] [DEBUG] cove:hub:lifecycle-coordinator: Shutting down protocol adapters
[2025-10-20T06:22:23.094Z] [DEBUG] cove:hub:adapter:esphome: Shutting down ESPHome adapter
[2025-10-20T06:22:23.094Z] [DEBUG] cove:hub:adapter:esphome: ESPHome adapter shut down
[2025-10-20T06:22:23.094Z] [DEBUG] cove:hub:lifecycle-coordinator: Stopped esphome adapter
[2025-10-20T06:22:23.095Z] [DEBUG] cove:hub:events: [adapter.shutdown] esphome adapter shut down undefined
[2025-10-20T06:22:23.095Z] [DEBUG] cove:hub:adapter:hue: Shutting down Hue adapter
[2025-10-20T06:22:23.095Z] [DEBUG] cove:hub:adapter:hue: Hue adapter shut down
[2025-10-20T06:22:23.095Z] [DEBUG] cove:hub:lifecycle-coordinator: Stopped hue adapter
[2025-10-20T06:22:23.095Z] [DEBUG] cove:hub:events: [adapter.shutdown] hue adapter shut down undefined
[2025-10-20T06:22:23.095Z] [DEBUG] cove:hub:lifecycle-coordinator: Stopping collectors
[2025-10-20T06:22:23.095Z] [DEBUG] cove:hub:metrics: Stopping metrics collector
[2025-10-20T06:22:23.095Z] [DEBUG] cove:hub:metrics: Metrics sync completed (using entity state history pattern)
[2025-10-20T06:22:23.095Z] [DEBUG] cove:hub:lifecycle-coordinator: Metrics collector stopped
[2025-10-20T06:22:23.095Z] [DEBUG] cove:hub:events: Stopping event collector
[2025-10-20T06:22:23.095Z] [DEBUG] cove:hub:events: Syncing 7 events to database
[2025-10-20T06:22:23.096Z] [DEBUG] cove:hub: Received SIGINT signal, shutting down gracefully...
[2025-10-20T06:22:23.096Z] [DEBUG] cove:daemon: Stopping hub daemon
[2025-10-20T06:22:23.096Z] [DEBUG] cove:hub:lifecycle-coordinator: Stopping lifecycle coordinator
[2025-10-20T06:22:23.096Z] [DEBUG] cove:discovery:manager: Discovery manager not running
[2025-10-20T06:22:23.096Z] [DEBUG] cove:hub:lifecycle-coordinator: Discovery manager stopped
[2025-10-20T06:22:23.096Z] [DEBUG] cove:hub:command-processor: Command processor not running
[2025-10-20T06:22:23.096Z] [DEBUG] cove:hub:lifecycle-coordinator: Command processor stopped
[2025-10-20T06:22:23.096Z] [DEBUG] cove:hub:lifecycle-coordinator: Shutting down protocol adapters
[2025-10-20T06:22:23.096Z] [DEBUG] cove:hub:adapter:esphome: Shutting down ESPHome adapter
[2025-10-20T06:22:23.096Z] [DEBUG] cove:hub:adapter:esphome: ESPHome adapter shut down
[2025-10-20T06:22:23.096Z] [DEBUG] cove:hub:lifecycle-coordinator: Stopped esphome adapter
[2025-10-20T06:22:23.096Z] [DEBUG] cove:hub:events: [adapter.shutdown] esphome adapter shut down undefined
[2025-10-20T06:22:23.096Z] [DEBUG] cove:hub:adapter:hue: Shutting down Hue adapter
[2025-10-20T06:22:23.096Z] [DEBUG] cove:hub:adapter:hue: Hue adapter shut down
[2025-10-20T06:22:23.096Z] [DEBUG] cove:hub:lifecycle-coordinator: Stopped hue adapter
[2025-10-20T06:22:23.096Z] [DEBUG] cove:hub:events: [adapter.shutdown] hue adapter shut down undefined
[2025-10-20T06:22:23.096Z] [DEBUG] cove:hub:lifecycle-coordinator: Stopping collectors
